[36m

————————————————————————————————————————————
Exp 33 — LHS sweep, 300 draws over 17 priors
————————————————————————————————————————————
[0m
Priors (17): ['hiv.beta_m2f', 'syph.beta_m2f', 'syph.rel_trans_primary', 'syph.time_to_undetectable', 'syph.p_symp_primary_f', 'syph.p_symp_primary_m', 'syph.rel_init_prev', 'syph_symp_test.rel_test', 'ng.beta_m2f', 'ct.beta_m2f', 'tv.beta_m2f', 'structuredsexual.prop_f0', 'structuredsexual.m1_conc', 'structuredsexual.dur_sw', 'structuredsexual.fsw_mf_conc_mult', 'hiv_syph.rel_sus_syph_hiv', 'hiv_syph.rel_trans_syph_hiv']
Draws saved to /home/robyn/sti_notification/experiments/33_lhs_fsw_mf_conc/outputs/prior_draws.csv

Running 300 sims on 24 workers...
  [ 20/300] 61s eta=849s  n_pass histogram: 1:13 2:3 3:2 4:2
  [ 40/300] 119s eta=773s  n_pass histogram: 1:26 2:5 3:2 4:7
  [ 60/300] 178s eta=711s  n_pass histogram: 1:33 2:10 3:4 4:11 5:2
  [ 80/300] 235s eta=647s  n_pass histogram: 1:41 2:16 3:5 4:15 5:3
  [100/300] 288s eta=576s  n_pass histogram: 1:47 2:19 3:8 4:18 5:8
  [120/300] 311s eta=466s  n_pass histogram: 1:52 2:20 3:12 4:25 5:10 6:1
  [140/300] 364s eta=416s  n_pass histogram: 1:61 2:25 3:14 4:27 5:12 6:1
  [160/300] 423s eta=370s  n_pass histogram: 1:71 2:30 3:16 4:27 5:15 6:1
  [180/300] 479s eta=319s  n_pass histogram: 1:76 2:35 3:19 4:31 5:18 6:1
  [200/300] 532s eta=266s  n_pass histogram: 1:82 2:40 3:21 4:36 5:20 6:1
  [220/300] 587s eta=214s  n_pass histogram: 1:89 2:42 3:24 4:40 5:24 6:1
  [240/300] 628s eta=157s  n_pass histogram: 1:95 2:43 3:28 4:46 5:27 6:1
  [260/300] 673s eta=104s  n_pass histogram: 1:104 2:45 3:30 4:47 5:32 6:2
  [280/300] 729s eta=52s  n_pass histogram: 1:112 2:48 3:32 4:53 5:32 6:3
  [300/300] 781s eta=0s  n_pass histogram: 1:123 2:49 3:34 4:58 5:33 6:3

Total 781.2s

OK: 300/300

=== HIT-COUNT DISTRIBUTION (out of 9 targets) ===
  0/9 targets: 0 draws
  1/9 targets: 123 draws
  2/9 targets: 49 draws
  3/9 targets: 34 draws
  4/9 targets: 58 draws
  5/9 targets: 33 draws
  6/9 targets: 3 draws
  7/9 targets: 0 draws  <- definitive pass
  8/9 targets: 0 draws  <- definitive pass
  9/9 targets: 0 draws  <- definitive pass

=== TOP DRAWS (6+/9) ===
 draw_idx  n_pass  fsw_prev_2019  nontrep_f_2016  trep_f_2016  hiv_pos_trep_2016  hiv_trep_ratio_2016  primary_share  secondary_share  new_inf_2030_2040_mean
      109       6         0.3959          0.0819       0.2037             0.3630               3.4290         0.5857           0.3996                 20.7378
      255       6         0.3459          0.1124       0.2073             0.3817               3.6920         0.5336           0.4394                 18.8559
      275       6         0.3824          0.0633       0.1564             0.2939               3.4786         0.6160           0.3626                 13.6587
