[36m

————————————————————————————————————————————
Exp 32 — LHS sweep, 300 draws over 16 priors
————————————————————————————————————————————
[0m
Priors (16): ['hiv.beta_m2f', 'syph.beta_m2f', 'syph.rel_trans_primary', 'syph.time_to_undetectable', 'syph.p_symp_primary_f', 'syph.p_symp_primary_m', 'syph.rel_init_prev', 'syph_symp_test.rel_test', 'ng.beta_m2f', 'ct.beta_m2f', 'tv.beta_m2f', 'structuredsexual.prop_f0', 'structuredsexual.m1_conc', 'structuredsexual.dur_sw', 'hiv_syph.rel_sus_syph_hiv', 'hiv_syph.rel_trans_syph_hiv']
Draws saved to /home/robyn/sti_notification/experiments/32_lhs_hiv_stratified/outputs/prior_draws.csv

Running 300 sims on 24 workers...
  [ 20/300] 64s eta=889s  n_pass histogram: 1:7 2:7 3:4 4:1 5:1
  [ 40/300] 122s eta=791s  n_pass histogram: 1:15 2:9 3:7 4:5 5:3 6:1
  [ 60/300] 179s eta=717s  n_pass histogram: 1:28 2:11 3:9 4:7 5:4 6:1
  [ 80/300] 237s eta=652s  n_pass histogram: 1:35 2:17 3:11 4:12 5:4 6:1
  [100/300] 293s eta=585s  n_pass histogram: 1:43 2:19 3:13 4:18 5:6 6:1
  [120/300] 318s eta=476s  n_pass histogram: 1:49 2:23 3:14 4:23 5:10 6:1
  [140/300] 366s eta=418s  n_pass histogram: 1:57 2:25 3:15 4:29 5:13 6:1
  [160/300] 423s eta=370s  n_pass histogram: 1:63 2:28 3:17 4:35 5:16 6:1
  [180/300] 479s eta=319s  n_pass histogram: 1:71 2:28 3:20 4:41 5:18 6:2
  [200/300] 535s eta=268s  n_pass histogram: 1:80 2:30 3:25 4:45 5:18 6:2
  [220/300] 591s eta=215s  n_pass histogram: 1:88 2:33 3:28 4:49 5:20 6:2
  [240/300] 627s eta=157s  n_pass histogram: 1:91 2:37 3:30 4:54 5:26 6:2
  [260/300] 668s eta=103s  n_pass histogram: 1:100 2:39 3:35 4:57 5:27 6:2
  [280/300] 726s eta=52s  n_pass histogram: 1:108 2:40 3:39 4:60 5:31 6:2
  [300/300] 784s eta=0s  n_pass histogram: 1:113 2:43 3:43 4:65 5:34 6:2

Total 784.4s

OK: 300/300

=== HIT-COUNT DISTRIBUTION (out of 9 targets) ===
  0/9 targets: 0 draws
  1/9 targets: 113 draws
  2/9 targets: 43 draws
  3/9 targets: 43 draws
  4/9 targets: 65 draws
  5/9 targets: 34 draws
  6/9 targets: 2 draws
  7/9 targets: 0 draws  <- definitive pass
  8/9 targets: 0 draws  <- definitive pass
  9/9 targets: 0 draws  <- definitive pass

=== TOP DRAWS (6+/9) ===
 draw_idx  n_pass  fsw_prev_2019  nontrep_f_2016  trep_f_2016  hiv_pos_trep_2016  hiv_trep_ratio_2016  primary_share  secondary_share  new_inf_2030_2040_mean
       24       6         0.4000          0.1012       0.1889             0.3462               3.4296         0.6099           0.3671                 15.4756
      170       6         0.2203          0.0838       0.2041             0.4274               3.7310         0.5922           0.3914                 20.2311
