Running: /home/robyn/miniconda/envs/starsim/bin/python /home/robyn/sti_notification/calibration/artifacts/scripts/run_ensemble.py --phase all --out-dir /home/robyn/sti_notification/experiments/02_full_recalibration_fixc/outputs --n-draws 2000 --seed 46 --target-size 200 --n-seeds 3 --n-workers 60

=== PHASE 1: 2000-draw LHS, seed=46 ===
  wrote 2000 prior rows to /home/robyn/sti_notification/experiments/02_full_recalibration_fixc/outputs/phase1_priors.csv

Phase 1: running 2000 sims on 60 workers...
  [  50/2000] 85s  eta=3297s
  [ 100/2000] 163s  eta=3101s
  [ 150/2000] 240s  eta=2957s
  [ 200/2000] 317s  eta=2853s
  [ 250/2000] 392s  eta=2742s
  [ 300/2000] 421s  eta=2384s
  [ 350/2000] 490s  eta=2310s
  [ 400/2000] 566s  eta=2263s
  [ 450/2000] 642s  eta=2210s
  [ 500/2000] 716s  eta=2149s
  [ 550/2000] 790s  eta=2084s
  [ 600/2000] 828s  eta=1933s
  [ 650/2000] 895s  eta=1859s
  [ 700/2000] 966s  eta=1794s
  [ 750/2000] 1042s  eta=1737s
  [ 800/2000] 1118s  eta=1677s
  [ 850/2000] 1189s  eta=1609s
  [ 900/2000] 1245s  eta=1522s
  [ 950/2000] 1301s  eta=1438s
  [1000/2000] 1372s  eta=1372s
  [1050/2000] 1447s  eta=1309s
  [1100/2000] 1520s  eta=1243s
  [1150/2000] 1589s  eta=1175s
  [1200/2000] 1657s  eta=1105s
  [1250/2000] 1704s  eta=1023s
  [1300/2000] 1774s  eta=955s
  [1350/2000] 1849s  eta=890s
  [1400/2000] 1918s  eta=822s
  [1450/2000] 1991s  eta=755s
  [1500/2000] 2049s  eta=683s
  [1550/2000] 2106s  eta=612s
  [1600/2000] 2181s  eta=545s
  [1650/2000] 2253s  eta=478s
  [1700/2000] 2321s  eta=410s
  [1750/2000] 2385s  eta=341s
  [1800/2000] 2443s  eta=271s
  [1850/2000] 2511s  eta=204s
  [1900/2000] 2584s  eta=136s
  [1950/2000] 2652s  eta=68s
  [2000/2000] 2713s  eta=0s
  done in 2713.2s

=== CANDIDATE SELECTION ===
  Phase 1 ok:              2000
  sustained:               976
  sustained AND 5+/9:      333
  sustained AND ==4/9:     453
  wrote 333 candidates to /home/robyn/sti_notification/experiments/02_full_recalibration_fixc/outputs/phase2_candidates.csv

=== PHASE 2: 333 candidates × 3 seeds ===

Phase 2: running 999 sims on 60 workers...
  [  50/999] 86s  eta=1625s
  [ 100/999] 166s  eta=1489s
  [ 150/999] 245s  eta=1384s
  [ 200/999] 323s  eta=1292s
  [ 250/999] 400s  eta=1198s
  [ 300/999] 422s  eta=984s
  [ 350/999] 499s  eta=926s
  [ 400/999] 578s  eta=866s
  [ 450/999] 657s  eta=802s
  [ 500/999] 731s  eta=730s
  [ 550/999] 802s  eta=655s
  [ 600/999] 848s  eta=564s
  [ 650/999] 915s  eta=491s
  [ 700/999] 993s  eta=424s
  [ 750/999] 1067s  eta=354s
  [ 800/999] 1141s  eta=284s
  [ 850/999] 1209s  eta=212s
  [ 900/999] 1263s  eta=139s
  [ 950/999] 1321s  eta=68s
  [ 999/999] 1390s  eta=0s
  done in 1390.8s

Wrote per-draw summary to /home/robyn/sti_notification/experiments/02_full_recalibration_fixc/outputs/ensemble_summary.csv
Robust ensemble (sustained 3/3 AND mean n_pass ≥ 4): 169 draws → /home/robyn/sti_notification/experiments/02_full_recalibration_fixc/outputs/draws_used.csv

=== ENSEMBLE STATS ===
  candidates evaluated:    333
  robust draws:            169
  median nontrep_f:        0.101
  median trep_f:           0.201
  median fsw_prev_2019:    0.514
  median HIV ratio:        3.613
  median n_pass:           4.33
