[36m

————————————————————————————————————————————
Exp 34 — LHS sweep, 300 draws over 20 priors
————————————————————————————————————————————
[0m
Priors (20): ['hiv.beta_m2f', 'syph.beta_m2f', 'syph.rel_trans_primary', 'syph.rel_trans_latent_half_life', 'syph.time_to_undetectable', 'syph.p_symp_primary_f', 'syph.p_symp_primary_m', 'syph.rel_init_prev', 'syph_symp_test.rel_test', 'ng.beta_m2f', 'ct.beta_m2f', 'tv.beta_m2f', 'structuredsexual.prop_f0', 'structuredsexual.m1_conc', 'structuredsexual.f1_conc', 'structuredsexual.m2_conc', 'structuredsexual.dur_sw', 'structuredsexual.fsw_mf_conc_mult', 'hiv_syph.rel_sus_syph_hiv', 'hiv_syph.rel_trans_syph_hiv']
Draws saved to /home/robyn/sti_notification/experiments/34_lhs_genpop_network/outputs/prior_draws.csv

Running 300 sims on 24 workers...
  [ 20/300] 65s eta=916s  n_pass histogram: 1:7 2:3 3:4 4:3 5:3
  [ 40/300] 124s eta=805s  n_pass histogram: 0:1 1:14 2:7 3:6 4:7 5:5
  [ 60/300] 183s eta=732s  n_pass histogram: 0:1 1:19 2:12 3:7 4:15 5:5 6:1
  [ 80/300] 237s eta=652s  n_pass histogram: 0:1 1:28 2:15 3:10 4:20 5:5 6:1
  [100/300] 294s eta=589s  n_pass histogram: 0:1 1:34 2:20 3:12 4:24 5:8 6:1
  [120/300] 320s eta=480s  n_pass histogram: 0:1 1:41 2:24 3:12 4:29 5:11 6:2
  [140/300] 372s eta=425s  n_pass histogram: 0:1 1:47 2:29 3:14 4:33 5:14 6:2
  [160/300] 428s eta=375s  n_pass histogram: 0:1 1:58 2:31 3:16 4:37 5:15 6:2
  [180/300] 487s eta=324s  n_pass histogram: 0:1 1:63 2:36 3:18 4:45 5:15 6:2
  [200/300] 543s eta=271s  n_pass histogram: 0:1 1:68 2:39 3:19 4:52 5:18 6:3
  [220/300] 592s eta=215s  n_pass histogram: 0:1 1:74 2:44 3:22 4:57 5:19 6:3
  [240/300] 632s eta=158s  n_pass histogram: 0:1 1:82 2:47 3:26 4:59 5:22 6:3
  [260/300] 681s eta=105s  n_pass histogram: 0:1 1:93 2:49 3:29 4:60 5:25 6:3
  [280/300] 732s eta=52s  n_pass histogram: 0:1 1:100 2:52 3:32 4:66 5:25 6:4
  [300/300] 785s eta=0s  n_pass histogram: 0:1 1:109 2:53 3:33 4:71 5:29 6:4

Total 784.9s

OK: 300/300

=== HIT-COUNT DISTRIBUTION (out of 9 targets) ===
  0/9 targets: 1 draws
  1/9 targets: 109 draws
  2/9 targets: 53 draws
  3/9 targets: 33 draws
  4/9 targets: 71 draws
  5/9 targets: 29 draws
  6/9 targets: 4 draws
  7/9 targets: 0 draws  <- definitive pass
  8/9 targets: 0 draws  <- definitive pass
  9/9 targets: 0 draws  <- definitive pass

=== TOP DRAWS (6+/9) ===
 draw_idx  n_pass  fsw_prev_2019  nontrep_f_2016  trep_f_2016  hiv_pos_trep_2016  hiv_trep_ratio_2016  primary_share  secondary_share  new_inf_2030_2040_mean
       51       6         0.2857          0.0657       0.1326             0.2516               3.7065         0.5747           0.4115                 13.4488
      112       6         0.3865          0.1416       0.2378             0.4280               3.4017         0.5639           0.4090                 23.2857
      185       6         0.3873          0.0939       0.1779             0.3542               3.4782         0.5464           0.4287                 13.9483
      272       6         0.3465          0.0863       0.1712             0.3320               3.3842         0.5833           0.3864                 17.3792
